[debug] [2023-11-21T11:23:29.749Z] ----------------------------------------------------------------------
[debug] [2023-11-21T11:23:29.750Z] Command:       C:\Program Files\nodejs\node.exe C:\Users\abder\AppData\Roaming\npm\node_modules\firebase-tools\lib\bin\firebase.js init
[debug] [2023-11-21T11:23:29.750Z] CLI Version:   12.6.2
[debug] [2023-11-21T11:23:29.751Z] Platform:      win32
[debug] [2023-11-21T11:23:29.751Z] Node Version:  v16.20.2
[debug] [2023-11-21T11:23:29.751Z] Time:          Tue Nov 21 2023 12:23:29 GMT+0100 (Central European Standard Time)
[debug] [2023-11-21T11:23:29.751Z] ----------------------------------------------------------------------
[debug] 
[debug] [2023-11-21T11:23:29.755Z] > command requires scopes: ["email","openid","https://www.googleapis.com/auth/cloudplatformprojects.readonly","https://www.googleapis.com/auth/firebase","https://www.googleapis.com/auth/cloud-platform"]
[debug] [2023-11-21T11:23:29.756Z] > authorizing via signed-in user (roamiocityexplorer@gmail.com)
[info] 
     ######## #### ########  ######## ########     ###     ######  ########
     ##        ##  ##     ## ##       ##     ##  ##   ##  ##       ##
     ######    ##  ########  ######   ########  #########  ######  ######
     ##        ##  ##    ##  ##       ##     ## ##     ##       ## ##
     ##       #### ##     ## ######## ########  ##     ##  ######  ########

You're about to initialize a Firebase project in this directory:

  C:\2023\projects\wanderio\wanderio-NextApp

Before we get started, keep in mind:

  * You are currently outside your home directory

